{"/media/fadeil/5c4e4cc3-8032-41db-85a5-f43671b2a803/aston/aston_repo/nodejs/college/app.js": {"path":"/media/fadeil/5c4e4cc3-8032-41db-85a5-f43671b2a803/aston/aston_repo/nodejs/college/app.js","statementMap":{"0":{"start":{"line":1,"column":16},"end":{"line":1,"column":34}},"1":{"start":{"line":2,"column":12},"end":{"line":2,"column":21}},"2":{"start":{"line":3,"column":13},"end":{"line":3,"column":17}},"3":{"start":{"line":5,"column":0},"end":{"line":5,"column":24}},"4":{"start":{"line":7,"column":22},"end":{"line":7,"column":49}},"5":{"start":{"line":8,"column":19},"end":{"line":8,"column":43}},"6":{"start":{"line":9,"column":22},"end":{"line":9,"column":49}},"7":{"start":{"line":10,"column":20},"end":{"line":10,"column":45}},"8":{"start":{"line":13,"column":0},"end":{"line":13,"column":36}},"9":{"start":{"line":14,"column":0},"end":{"line":14,"column":30}},"10":{"start":{"line":15,"column":0},"end":{"line":15,"column":36}},"11":{"start":{"line":16,"column":0},"end":{"line":16,"column":32}},"12":{"start":{"line":18,"column":0},"end":{"line":20,"column":2}},"13":{"start":{"line":19,"column":2},"end":{"line":19,"column":32}},"14":{"start":{"line":22,"column":0},"end":{"line":22,"column":21}}},"fnMap":{"0":{"name":"(anonymous_0)","decl":{"start":{"line":18,"column":18},"end":{"line":18,"column":19}},"loc":{"start":{"line":18,"column":22},"end":{"line":20,"column":1}},"line":18}},"branchMap":{},"s":{"0":1,"1":1,"2":1,"3":1,"4":1,"5":1,"6":1,"7":1,"8":1,"9":1,"10":1,"11":1,"12":1,"13":0,"14":1},"f":{"0":0},"b":{},"_coverageSchema":"1a1c01bbd47fc00a2c39e90264f33305004495a9","hash":"04e0553ecd6f973bdb5241a8f4aa1c9dc9d5c605"}
,"/media/fadeil/5c4e4cc3-8032-41db-85a5-f43671b2a803/aston/aston_repo/nodejs/college/controllers/level.controller.js": {"path":"/media/fadeil/5c4e4cc3-8032-41db-85a5-f43671b2a803/aston/aston_repo/nodejs/college/controllers/level.controller.js","statementMap":{"0":{"start":{"line":2,"column":14},"end":{"line":2,"column":40}},"1":{"start":{"line":8,"column":0},"end":{"line":12,"column":1}},"2":{"start":{"line":9,"column":2},"end":{"line":11,"column":34}},"3":{"start":{"line":10,"column":19},"end":{"line":10,"column":47}},"4":{"start":{"line":11,"column":17},"end":{"line":11,"column":33}},"5":{"start":{"line":17,"column":0},"end":{"line":22,"column":1}},"6":{"start":{"line":18,"column":13},"end":{"line":18,"column":26}},"7":{"start":{"line":19,"column":2},"end":{"line":21,"column":34}},"8":{"start":{"line":20,"column":18},"end":{"line":20,"column":45}},"9":{"start":{"line":21,"column":17},"end":{"line":21,"column":33}},"10":{"start":{"line":27,"column":0},"end":{"line":32,"column":1}},"11":{"start":{"line":28,"column":16},"end":{"line":28,"column":24}},"12":{"start":{"line":29,"column":2},"end":{"line":31,"column":34}},"13":{"start":{"line":30,"column":25},"end":{"line":30,"column":59}},"14":{"start":{"line":31,"column":17},"end":{"line":31,"column":33}},"15":{"start":{"line":37,"column":0},"end":{"line":47,"column":1}},"16":{"start":{"line":38,"column":13},"end":{"line":38,"column":26}},"17":{"start":{"line":39,"column":16},"end":{"line":39,"column":24}},"18":{"start":{"line":40,"column":2},"end":{"line":46,"column":34}},"19":{"start":{"line":45,"column":24},"end":{"line":45,"column":57}},"20":{"start":{"line":46,"column":17},"end":{"line":46,"column":33}},"21":{"start":{"line":52,"column":0},"end":{"line":61,"column":1}},"22":{"start":{"line":53,"column":13},"end":{"line":53,"column":26}},"23":{"start":{"line":54,"column":2},"end":{"line":60,"column":34}},"24":{"start":{"line":59,"column":25},"end":{"line":59,"column":88}},"25":{"start":{"line":60,"column":17},"end":{"line":60,"column":33}}},"fnMap":{"0":{"name":"(anonymous_0)","decl":{"start":{"line":8,"column":21},"end":{"line":8,"column":22}},"loc":{"start":{"line":8,"column":40},"end":{"line":12,"column":1}},"line":8},"1":{"name":"(anonymous_1)","decl":{"start":{"line":10,"column":9},"end":{"line":10,"column":10}},"loc":{"start":{"line":10,"column":19},"end":{"line":10,"column":47}},"line":10},"2":{"name":"(anonymous_2)","decl":{"start":{"line":11,"column":10},"end":{"line":11,"column":11}},"loc":{"start":{"line":11,"column":17},"end":{"line":11,"column":33}},"line":11},"3":{"name":"(anonymous_3)","decl":{"start":{"line":17,"column":23},"end":{"line":17,"column":24}},"loc":{"start":{"line":17,"column":42},"end":{"line":22,"column":1}},"line":17},"4":{"name":"(anonymous_4)","decl":{"start":{"line":20,"column":9},"end":{"line":20,"column":10}},"loc":{"start":{"line":20,"column":18},"end":{"line":20,"column":45}},"line":20},"5":{"name":"(anonymous_5)","decl":{"start":{"line":21,"column":10},"end":{"line":21,"column":11}},"loc":{"start":{"line":21,"column":17},"end":{"line":21,"column":33}},"line":21},"6":{"name":"(anonymous_6)","decl":{"start":{"line":27,"column":20},"end":{"line":27,"column":21}},"loc":{"start":{"line":27,"column":39},"end":{"line":32,"column":1}},"line":27},"7":{"name":"(anonymous_7)","decl":{"start":{"line":30,"column":9},"end":{"line":30,"column":10}},"loc":{"start":{"line":30,"column":25},"end":{"line":30,"column":59}},"line":30},"8":{"name":"(anonymous_8)","decl":{"start":{"line":31,"column":10},"end":{"line":31,"column":11}},"loc":{"start":{"line":31,"column":17},"end":{"line":31,"column":33}},"line":31},"9":{"name":"(anonymous_9)","decl":{"start":{"line":37,"column":21},"end":{"line":37,"column":22}},"loc":{"start":{"line":37,"column":40},"end":{"line":47,"column":1}},"line":37},"10":{"name":"(anonymous_10)","decl":{"start":{"line":45,"column":9},"end":{"line":45,"column":10}},"loc":{"start":{"line":45,"column":24},"end":{"line":45,"column":57}},"line":45},"11":{"name":"(anonymous_11)","decl":{"start":{"line":46,"column":10},"end":{"line":46,"column":11}},"loc":{"start":{"line":46,"column":17},"end":{"line":46,"column":33}},"line":46},"12":{"name":"(anonymous_12)","decl":{"start":{"line":52,"column":23},"end":{"line":52,"column":24}},"loc":{"start":{"line":52,"column":42},"end":{"line":61,"column":1}},"line":52},"13":{"name":"(anonymous_13)","decl":{"start":{"line":59,"column":9},"end":{"line":59,"column":10}},"loc":{"start":{"line":59,"column":25},"end":{"line":59,"column":88}},"line":59},"14":{"name":"(anonymous_14)","decl":{"start":{"line":60,"column":10},"end":{"line":60,"column":11}},"loc":{"start":{"line":60,"column":17},"end":{"line":60,"column":33}},"line":60}},"branchMap":{},"s":{"0":1,"1":1,"2":0,"3":0,"4":0,"5":1,"6":0,"7":0,"8":0,"9":0,"10":1,"11":0,"12":0,"13":0,"14":0,"15":1,"16":0,"17":0,"18":0,"19":0,"20":0,"21":1,"22":0,"23":0,"24":0,"25":0},"f":{"0":0,"1":0,"2":0,"3":0,"4":0,"5":0,"6":0,"7":0,"8":0,"9":0,"10":0,"11":0,"12":0,"13":0,"14":0},"b":{},"_coverageSchema":"1a1c01bbd47fc00a2c39e90264f33305004495a9","hash":"53469bdac8d3187dae9c4cd3f3e9314074755938"}
,"/media/fadeil/5c4e4cc3-8032-41db-85a5-f43671b2a803/aston/aston_repo/nodejs/college/controllers/note.controller.js": {"path":"/media/fadeil/5c4e4cc3-8032-41db-85a5-f43671b2a803/aston/aston_repo/nodejs/college/controllers/note.controller.js","statementMap":{"0":{"start":{"line":2,"column":13},"end":{"line":2,"column":38}},"1":{"start":{"line":3,"column":16},"end":{"line":3,"column":44}},"2":{"start":{"line":4,"column":16},"end":{"line":4,"column":44}},"3":{"start":{"line":6,"column":18},"end":{"line":6,"column":38}},"4":{"start":{"line":13,"column":0},"end":{"line":33,"column":1}},"5":{"start":{"line":14,"column":2},"end":{"line":32,"column":34}},"6":{"start":{"line":31,"column":18},"end":{"line":31,"column":45}},"7":{"start":{"line":32,"column":17},"end":{"line":32,"column":33}},"8":{"start":{"line":38,"column":0},"end":{"line":43,"column":1}},"9":{"start":{"line":39,"column":13},"end":{"line":39,"column":26}},"10":{"start":{"line":40,"column":2},"end":{"line":42,"column":34}},"11":{"start":{"line":41,"column":17},"end":{"line":41,"column":43}},"12":{"start":{"line":42,"column":17},"end":{"line":42,"column":33}},"13":{"start":{"line":48,"column":0},"end":{"line":53,"column":1}},"14":{"start":{"line":49,"column":15},"end":{"line":49,"column":23}},"15":{"start":{"line":50,"column":2},"end":{"line":52,"column":34}},"16":{"start":{"line":51,"column":24},"end":{"line":51,"column":57}},"17":{"start":{"line":52,"column":17},"end":{"line":52,"column":33}},"18":{"start":{"line":58,"column":0},"end":{"line":68,"column":1}},"19":{"start":{"line":59,"column":13},"end":{"line":59,"column":26}},"20":{"start":{"line":60,"column":15},"end":{"line":60,"column":23}},"21":{"start":{"line":61,"column":2},"end":{"line":67,"column":34}},"22":{"start":{"line":66,"column":23},"end":{"line":66,"column":55}},"23":{"start":{"line":67,"column":17},"end":{"line":67,"column":33}},"24":{"start":{"line":73,"column":0},"end":{"line":82,"column":1}},"25":{"start":{"line":74,"column":13},"end":{"line":74,"column":26}},"26":{"start":{"line":75,"column":2},"end":{"line":81,"column":34}},"27":{"start":{"line":80,"column":24},"end":{"line":80,"column":85}},"28":{"start":{"line":81,"column":17},"end":{"line":81,"column":33}},"29":{"start":{"line":90,"column":0},"end":{"line":94,"column":1}},"30":{"start":{"line":91,"column":1},"end":{"line":93,"column":37}},"31":{"start":{"line":92,"column":19},"end":{"line":92,"column":56}},"32":{"start":{"line":93,"column":19},"end":{"line":93,"column":35}}},"fnMap":{"0":{"name":"(anonymous_0)","decl":{"start":{"line":13,"column":20},"end":{"line":13,"column":21}},"loc":{"start":{"line":13,"column":39},"end":{"line":33,"column":1}},"line":13},"1":{"name":"(anonymous_1)","decl":{"start":{"line":31,"column":9},"end":{"line":31,"column":10}},"loc":{"start":{"line":31,"column":18},"end":{"line":31,"column":45}},"line":31},"2":{"name":"(anonymous_2)","decl":{"start":{"line":32,"column":10},"end":{"line":32,"column":11}},"loc":{"start":{"line":32,"column":17},"end":{"line":32,"column":33}},"line":32},"3":{"name":"(anonymous_3)","decl":{"start":{"line":38,"column":22},"end":{"line":38,"column":23}},"loc":{"start":{"line":38,"column":41},"end":{"line":43,"column":1}},"line":38},"4":{"name":"(anonymous_4)","decl":{"start":{"line":41,"column":9},"end":{"line":41,"column":10}},"loc":{"start":{"line":41,"column":17},"end":{"line":41,"column":43}},"line":41},"5":{"name":"(anonymous_5)","decl":{"start":{"line":42,"column":10},"end":{"line":42,"column":11}},"loc":{"start":{"line":42,"column":17},"end":{"line":42,"column":33}},"line":42},"6":{"name":"(anonymous_6)","decl":{"start":{"line":48,"column":19},"end":{"line":48,"column":20}},"loc":{"start":{"line":48,"column":38},"end":{"line":53,"column":1}},"line":48},"7":{"name":"(anonymous_7)","decl":{"start":{"line":51,"column":9},"end":{"line":51,"column":10}},"loc":{"start":{"line":51,"column":24},"end":{"line":51,"column":57}},"line":51},"8":{"name":"(anonymous_8)","decl":{"start":{"line":52,"column":10},"end":{"line":52,"column":11}},"loc":{"start":{"line":52,"column":17},"end":{"line":52,"column":33}},"line":52},"9":{"name":"(anonymous_9)","decl":{"start":{"line":58,"column":20},"end":{"line":58,"column":21}},"loc":{"start":{"line":58,"column":39},"end":{"line":68,"column":1}},"line":58},"10":{"name":"(anonymous_10)","decl":{"start":{"line":66,"column":9},"end":{"line":66,"column":10}},"loc":{"start":{"line":66,"column":23},"end":{"line":66,"column":55}},"line":66},"11":{"name":"(anonymous_11)","decl":{"start":{"line":67,"column":10},"end":{"line":67,"column":11}},"loc":{"start":{"line":67,"column":17},"end":{"line":67,"column":33}},"line":67},"12":{"name":"(anonymous_12)","decl":{"start":{"line":73,"column":22},"end":{"line":73,"column":23}},"loc":{"start":{"line":73,"column":41},"end":{"line":82,"column":1}},"line":73},"13":{"name":"(anonymous_13)","decl":{"start":{"line":80,"column":9},"end":{"line":80,"column":10}},"loc":{"start":{"line":80,"column":24},"end":{"line":80,"column":85}},"line":80},"14":{"name":"(anonymous_14)","decl":{"start":{"line":81,"column":10},"end":{"line":81,"column":11}},"loc":{"start":{"line":81,"column":17},"end":{"line":81,"column":33}},"line":81},"15":{"name":"(anonymous_15)","decl":{"start":{"line":90,"column":24},"end":{"line":90,"column":25}},"loc":{"start":{"line":90,"column":44},"end":{"line":94,"column":1}},"line":90},"16":{"name":"(anonymous_16)","decl":{"start":{"line":92,"column":11},"end":{"line":92,"column":12}},"loc":{"start":{"line":92,"column":19},"end":{"line":92,"column":56}},"line":92},"17":{"name":"(anonymous_17)","decl":{"start":{"line":93,"column":12},"end":{"line":93,"column":13}},"loc":{"start":{"line":93,"column":19},"end":{"line":93,"column":35}},"line":93}},"branchMap":{},"s":{"0":1,"1":1,"2":1,"3":1,"4":1,"5":0,"6":0,"7":0,"8":1,"9":0,"10":0,"11":0,"12":0,"13":1,"14":0,"15":0,"16":0,"17":0,"18":1,"19":0,"20":0,"21":0,"22":0,"23":0,"24":1,"25":0,"26":0,"27":0,"28":0,"29":1,"30":0,"31":0,"32":0},"f":{"0":0,"1":0,"2":0,"3":0,"4":0,"5":0,"6":0,"7":0,"8":0,"9":0,"10":0,"11":0,"12":0,"13":0,"14":0,"15":0,"16":0,"17":0},"b":{},"_coverageSchema":"1a1c01bbd47fc00a2c39e90264f33305004495a9","hash":"ceea241c965c91273f674ebf4f8082ecfddbd7c9"}
,"/media/fadeil/5c4e4cc3-8032-41db-85a5-f43671b2a803/aston/aston_repo/nodejs/college/controllers/student.controller.js": {"path":"/media/fadeil/5c4e4cc3-8032-41db-85a5-f43671b2a803/aston/aston_repo/nodejs/college/controllers/student.controller.js","statementMap":{"0":{"start":{"line":2,"column":16},"end":{"line":2,"column":44}},"1":{"start":{"line":8,"column":0},"end":{"line":12,"column":1}},"2":{"start":{"line":9,"column":2},"end":{"line":11,"column":34}},"3":{"start":{"line":10,"column":21},"end":{"line":10,"column":51}},"4":{"start":{"line":11,"column":17},"end":{"line":11,"column":33}},"5":{"start":{"line":17,"column":0},"end":{"line":22,"column":1}},"6":{"start":{"line":18,"column":13},"end":{"line":18,"column":26}},"7":{"start":{"line":19,"column":2},"end":{"line":21,"column":34}},"8":{"start":{"line":20,"column":20},"end":{"line":20,"column":49}},"9":{"start":{"line":21,"column":17},"end":{"line":21,"column":33}},"10":{"start":{"line":27,"column":0},"end":{"line":32,"column":1}},"11":{"start":{"line":28,"column":18},"end":{"line":28,"column":26}},"12":{"start":{"line":29,"column":2},"end":{"line":31,"column":34}},"13":{"start":{"line":30,"column":27},"end":{"line":30,"column":63}},"14":{"start":{"line":31,"column":17},"end":{"line":31,"column":33}},"15":{"start":{"line":37,"column":0},"end":{"line":47,"column":1}},"16":{"start":{"line":38,"column":13},"end":{"line":38,"column":26}},"17":{"start":{"line":39,"column":18},"end":{"line":39,"column":26}},"18":{"start":{"line":40,"column":2},"end":{"line":46,"column":34}},"19":{"start":{"line":45,"column":26},"end":{"line":45,"column":61}},"20":{"start":{"line":46,"column":17},"end":{"line":46,"column":33}},"21":{"start":{"line":52,"column":0},"end":{"line":61,"column":1}},"22":{"start":{"line":53,"column":13},"end":{"line":53,"column":26}},"23":{"start":{"line":54,"column":2},"end":{"line":60,"column":34}},"24":{"start":{"line":59,"column":27},"end":{"line":59,"column":94}},"25":{"start":{"line":60,"column":17},"end":{"line":60,"column":33}}},"fnMap":{"0":{"name":"(anonymous_0)","decl":{"start":{"line":8,"column":23},"end":{"line":8,"column":24}},"loc":{"start":{"line":8,"column":42},"end":{"line":12,"column":1}},"line":8},"1":{"name":"(anonymous_1)","decl":{"start":{"line":10,"column":9},"end":{"line":10,"column":10}},"loc":{"start":{"line":10,"column":21},"end":{"line":10,"column":51}},"line":10},"2":{"name":"(anonymous_2)","decl":{"start":{"line":11,"column":10},"end":{"line":11,"column":11}},"loc":{"start":{"line":11,"column":17},"end":{"line":11,"column":33}},"line":11},"3":{"name":"(anonymous_3)","decl":{"start":{"line":17,"column":25},"end":{"line":17,"column":26}},"loc":{"start":{"line":17,"column":44},"end":{"line":22,"column":1}},"line":17},"4":{"name":"(anonymous_4)","decl":{"start":{"line":20,"column":9},"end":{"line":20,"column":10}},"loc":{"start":{"line":20,"column":20},"end":{"line":20,"column":49}},"line":20},"5":{"name":"(anonymous_5)","decl":{"start":{"line":21,"column":10},"end":{"line":21,"column":11}},"loc":{"start":{"line":21,"column":17},"end":{"line":21,"column":33}},"line":21},"6":{"name":"(anonymous_6)","decl":{"start":{"line":27,"column":22},"end":{"line":27,"column":23}},"loc":{"start":{"line":27,"column":41},"end":{"line":32,"column":1}},"line":27},"7":{"name":"(anonymous_7)","decl":{"start":{"line":30,"column":9},"end":{"line":30,"column":10}},"loc":{"start":{"line":30,"column":27},"end":{"line":30,"column":63}},"line":30},"8":{"name":"(anonymous_8)","decl":{"start":{"line":31,"column":10},"end":{"line":31,"column":11}},"loc":{"start":{"line":31,"column":17},"end":{"line":31,"column":33}},"line":31},"9":{"name":"(anonymous_9)","decl":{"start":{"line":37,"column":23},"end":{"line":37,"column":24}},"loc":{"start":{"line":37,"column":42},"end":{"line":47,"column":1}},"line":37},"10":{"name":"(anonymous_10)","decl":{"start":{"line":45,"column":9},"end":{"line":45,"column":10}},"loc":{"start":{"line":45,"column":26},"end":{"line":45,"column":61}},"line":45},"11":{"name":"(anonymous_11)","decl":{"start":{"line":46,"column":10},"end":{"line":46,"column":11}},"loc":{"start":{"line":46,"column":17},"end":{"line":46,"column":33}},"line":46},"12":{"name":"(anonymous_12)","decl":{"start":{"line":52,"column":25},"end":{"line":52,"column":26}},"loc":{"start":{"line":52,"column":44},"end":{"line":61,"column":1}},"line":52},"13":{"name":"(anonymous_13)","decl":{"start":{"line":59,"column":9},"end":{"line":59,"column":10}},"loc":{"start":{"line":59,"column":27},"end":{"line":59,"column":94}},"line":59},"14":{"name":"(anonymous_14)","decl":{"start":{"line":60,"column":10},"end":{"line":60,"column":11}},"loc":{"start":{"line":60,"column":17},"end":{"line":60,"column":33}},"line":60}},"branchMap":{},"s":{"0":1,"1":1,"2":0,"3":0,"4":0,"5":1,"6":0,"7":0,"8":0,"9":0,"10":1,"11":0,"12":0,"13":0,"14":0,"15":1,"16":0,"17":0,"18":0,"19":0,"20":0,"21":1,"22":0,"23":0,"24":0,"25":0},"f":{"0":0,"1":0,"2":0,"3":0,"4":0,"5":0,"6":0,"7":0,"8":0,"9":0,"10":0,"11":0,"12":0,"13":0,"14":0},"b":{},"_coverageSchema":"1a1c01bbd47fc00a2c39e90264f33305004495a9","hash":"1cd4b3a9032339bd946e0b63b9b273d0b20a38bc"}
,"/media/fadeil/5c4e4cc3-8032-41db-85a5-f43671b2a803/aston/aston_repo/nodejs/college/controllers/subject.controller.js": {"path":"/media/fadeil/5c4e4cc3-8032-41db-85a5-f43671b2a803/aston/aston_repo/nodejs/college/controllers/subject.controller.js","statementMap":{"0":{"start":{"line":2,"column":16},"end":{"line":2,"column":44}},"1":{"start":{"line":8,"column":0},"end":{"line":12,"column":1}},"2":{"start":{"line":9,"column":2},"end":{"line":11,"column":34}},"3":{"start":{"line":10,"column":21},"end":{"line":10,"column":51}},"4":{"start":{"line":11,"column":17},"end":{"line":11,"column":33}},"5":{"start":{"line":17,"column":0},"end":{"line":22,"column":1}},"6":{"start":{"line":18,"column":13},"end":{"line":18,"column":26}},"7":{"start":{"line":19,"column":2},"end":{"line":21,"column":34}},"8":{"start":{"line":20,"column":20},"end":{"line":20,"column":49}},"9":{"start":{"line":21,"column":17},"end":{"line":21,"column":33}},"10":{"start":{"line":27,"column":0},"end":{"line":32,"column":1}},"11":{"start":{"line":28,"column":18},"end":{"line":28,"column":26}},"12":{"start":{"line":29,"column":2},"end":{"line":31,"column":34}},"13":{"start":{"line":30,"column":27},"end":{"line":30,"column":63}},"14":{"start":{"line":31,"column":17},"end":{"line":31,"column":33}},"15":{"start":{"line":37,"column":0},"end":{"line":47,"column":1}},"16":{"start":{"line":38,"column":13},"end":{"line":38,"column":26}},"17":{"start":{"line":39,"column":18},"end":{"line":39,"column":26}},"18":{"start":{"line":40,"column":2},"end":{"line":46,"column":34}},"19":{"start":{"line":45,"column":26},"end":{"line":45,"column":61}},"20":{"start":{"line":46,"column":17},"end":{"line":46,"column":33}},"21":{"start":{"line":52,"column":0},"end":{"line":61,"column":1}},"22":{"start":{"line":53,"column":13},"end":{"line":53,"column":26}},"23":{"start":{"line":54,"column":2},"end":{"line":60,"column":34}},"24":{"start":{"line":59,"column":27},"end":{"line":59,"column":94}},"25":{"start":{"line":60,"column":17},"end":{"line":60,"column":33}}},"fnMap":{"0":{"name":"(anonymous_0)","decl":{"start":{"line":8,"column":23},"end":{"line":8,"column":24}},"loc":{"start":{"line":8,"column":42},"end":{"line":12,"column":1}},"line":8},"1":{"name":"(anonymous_1)","decl":{"start":{"line":10,"column":9},"end":{"line":10,"column":10}},"loc":{"start":{"line":10,"column":21},"end":{"line":10,"column":51}},"line":10},"2":{"name":"(anonymous_2)","decl":{"start":{"line":11,"column":10},"end":{"line":11,"column":11}},"loc":{"start":{"line":11,"column":17},"end":{"line":11,"column":33}},"line":11},"3":{"name":"(anonymous_3)","decl":{"start":{"line":17,"column":25},"end":{"line":17,"column":26}},"loc":{"start":{"line":17,"column":44},"end":{"line":22,"column":1}},"line":17},"4":{"name":"(anonymous_4)","decl":{"start":{"line":20,"column":9},"end":{"line":20,"column":10}},"loc":{"start":{"line":20,"column":20},"end":{"line":20,"column":49}},"line":20},"5":{"name":"(anonymous_5)","decl":{"start":{"line":21,"column":10},"end":{"line":21,"column":11}},"loc":{"start":{"line":21,"column":17},"end":{"line":21,"column":33}},"line":21},"6":{"name":"(anonymous_6)","decl":{"start":{"line":27,"column":22},"end":{"line":27,"column":23}},"loc":{"start":{"line":27,"column":41},"end":{"line":32,"column":1}},"line":27},"7":{"name":"(anonymous_7)","decl":{"start":{"line":30,"column":9},"end":{"line":30,"column":10}},"loc":{"start":{"line":30,"column":27},"end":{"line":30,"column":63}},"line":30},"8":{"name":"(anonymous_8)","decl":{"start":{"line":31,"column":10},"end":{"line":31,"column":11}},"loc":{"start":{"line":31,"column":17},"end":{"line":31,"column":33}},"line":31},"9":{"name":"(anonymous_9)","decl":{"start":{"line":37,"column":23},"end":{"line":37,"column":24}},"loc":{"start":{"line":37,"column":42},"end":{"line":47,"column":1}},"line":37},"10":{"name":"(anonymous_10)","decl":{"start":{"line":45,"column":9},"end":{"line":45,"column":10}},"loc":{"start":{"line":45,"column":26},"end":{"line":45,"column":61}},"line":45},"11":{"name":"(anonymous_11)","decl":{"start":{"line":46,"column":10},"end":{"line":46,"column":11}},"loc":{"start":{"line":46,"column":17},"end":{"line":46,"column":33}},"line":46},"12":{"name":"(anonymous_12)","decl":{"start":{"line":52,"column":25},"end":{"line":52,"column":26}},"loc":{"start":{"line":52,"column":44},"end":{"line":61,"column":1}},"line":52},"13":{"name":"(anonymous_13)","decl":{"start":{"line":59,"column":9},"end":{"line":59,"column":10}},"loc":{"start":{"line":59,"column":27},"end":{"line":59,"column":94}},"line":59},"14":{"name":"(anonymous_14)","decl":{"start":{"line":60,"column":10},"end":{"line":60,"column":11}},"loc":{"start":{"line":60,"column":17},"end":{"line":60,"column":33}},"line":60}},"branchMap":{},"s":{"0":1,"1":1,"2":0,"3":0,"4":0,"5":1,"6":0,"7":0,"8":0,"9":0,"10":1,"11":0,"12":0,"13":0,"14":0,"15":1,"16":0,"17":0,"18":0,"19":0,"20":0,"21":1,"22":0,"23":0,"24":0,"25":0},"f":{"0":0,"1":0,"2":0,"3":0,"4":0,"5":0,"6":0,"7":0,"8":0,"9":0,"10":0,"11":0,"12":0,"13":0,"14":0},"b":{},"_coverageSchema":"1a1c01bbd47fc00a2c39e90264f33305004495a9","hash":"22457155003c6e144a5a4a048b3407fcafa20c40"}
,"/media/fadeil/5c4e4cc3-8032-41db-85a5-f43671b2a803/aston/aston_repo/nodejs/college/models/index.js": {"path":"/media/fadeil/5c4e4cc3-8032-41db-85a5-f43671b2a803/aston/aston_repo/nodejs/college/models/index.js","statementMap":{"0":{"start":{"line":3,"column":11},"end":{"line":3,"column":24}},"1":{"start":{"line":4,"column":13},"end":{"line":4,"column":28}},"2":{"start":{"line":5,"column":18},"end":{"line":5,"column":38}},"3":{"start":{"line":6,"column":17},"end":{"line":6,"column":42}},"4":{"start":{"line":7,"column":12},"end":{"line":7,"column":49}},"5":{"start":{"line":8,"column":15},"end":{"line":8,"column":65}},"6":{"start":{"line":9,"column":11},"end":{"line":9,"column":13}},"7":{"start":{"line":12,"column":0},"end":{"line":16,"column":1}},"8":{"start":{"line":13,"column":2},"end":{"line":13,"column":74}},"9":{"start":{"line":15,"column":2},"end":{"line":15,"column":87}},"10":{"start":{"line":18,"column":0},"end":{"line":26,"column":5}},"11":{"start":{"line":21,"column":4},"end":{"line":21,"column":90}},"12":{"start":{"line":24,"column":18},"end":{"line":24,"column":85}},"13":{"start":{"line":25,"column":4},"end":{"line":25,"column":27}},"14":{"start":{"line":28,"column":0},"end":{"line":32,"column":3}},"15":{"start":{"line":29,"column":2},"end":{"line":31,"column":3}},"16":{"start":{"line":30,"column":4},"end":{"line":30,"column":32}},"17":{"start":{"line":34,"column":0},"end":{"line":34,"column":25}},"18":{"start":{"line":35,"column":0},"end":{"line":35,"column":25}},"19":{"start":{"line":37,"column":0},"end":{"line":37,"column":20}}},"fnMap":{"0":{"name":"(anonymous_0)","decl":{"start":{"line":20,"column":10},"end":{"line":20,"column":11}},"loc":{"start":{"line":20,"column":18},"end":{"line":22,"column":3}},"line":20},"1":{"name":"(anonymous_1)","decl":{"start":{"line":23,"column":11},"end":{"line":23,"column":12}},"loc":{"start":{"line":23,"column":19},"end":{"line":26,"column":3}},"line":23},"2":{"name":"(anonymous_2)","decl":{"start":{"line":28,"column":24},"end":{"line":28,"column":25}},"loc":{"start":{"line":28,"column":37},"end":{"line":32,"column":1}},"line":28}},"branchMap":{"0":{"loc":{"start":{"line":7,"column":12},"end":{"line":7,"column":49}},"type":"binary-expr","locations":[{"start":{"line":7,"column":12},"end":{"line":7,"column":32}},{"start":{"line":7,"column":36},"end":{"line":7,"column":49}}],"line":7},"1":{"loc":{"start":{"line":12,"column":0},"end":{"line":16,"column":1}},"type":"if","locations":[{"start":{"line":12,"column":0},"end":{"line":16,"column":1}},{"start":{"line":12,"column":0},"end":{"line":16,"column":1}}],"line":12},"2":{"loc":{"start":{"line":21,"column":11},"end":{"line":21,"column":89}},"type":"binary-expr","locations":[{"start":{"line":21,"column":12},"end":{"line":21,"column":35}},{"start":{"line":21,"column":41},"end":{"line":21,"column":58}},{"start":{"line":21,"column":64},"end":{"line":21,"column":88}}],"line":21},"3":{"loc":{"start":{"line":29,"column":2},"end":{"line":31,"column":3}},"type":"if","locations":[{"start":{"line":29,"column":2},"end":{"line":31,"column":3}},{"start":{"line":29,"column":2},"end":{"line":31,"column":3}}],"line":29}},"s":{"0":1,"1":1,"2":1,"3":1,"4":1,"5":1,"6":1,"7":1,"8":0,"9":1,"10":1,"11":5,"12":4,"13":4,"14":1,"15":4,"16":4,"17":1,"18":1,"19":1},"f":{"0":5,"1":4,"2":4},"b":{"0":[1,0],"1":[0,1],"2":[5,5,4],"3":[4,0]},"_coverageSchema":"1a1c01bbd47fc00a2c39e90264f33305004495a9","hash":"f6d0d6d79ce8d709984f498be5abf372fe974fc9"}
,"/media/fadeil/5c4e4cc3-8032-41db-85a5-f43671b2a803/aston/aston_repo/nodejs/college/models/level.js": {"path":"/media/fadeil/5c4e4cc3-8032-41db-85a5-f43671b2a803/aston/aston_repo/nodejs/college/models/level.js","statementMap":{"0":{"start":{"line":4,"column":4},"end":{"line":4,"column":24}},"1":{"start":{"line":5,"column":0},"end":{"line":24,"column":2}},"2":{"start":{"line":14,"column":6},"end":{"line":14,"column":35}},"3":{"start":{"line":17,"column":2},"end":{"line":22,"column":5}},"4":{"start":{"line":23,"column":2},"end":{"line":23,"column":15}}},"fnMap":{"0":{"name":"(anonymous_0)","decl":{"start":{"line":5,"column":17},"end":{"line":5,"column":18}},"loc":{"start":{"line":5,"column":43},"end":{"line":24,"column":1}},"line":5},"1":{"name":"(anonymous_1)","decl":{"start":{"line":12,"column":4},"end":{"line":12,"column":5}},"loc":{"start":{"line":12,"column":29},"end":{"line":15,"column":5}},"line":12}},"branchMap":{},"s":{"0":1,"1":1,"2":1,"3":1,"4":1},"f":{"0":1,"1":1},"b":{},"_coverageSchema":"1a1c01bbd47fc00a2c39e90264f33305004495a9","hash":"079f5aa4a8eb8e52054d3c85d0a71e092ca8fbd4"}
,"/media/fadeil/5c4e4cc3-8032-41db-85a5-f43671b2a803/aston/aston_repo/nodejs/college/models/note.js": {"path":"/media/fadeil/5c4e4cc3-8032-41db-85a5-f43671b2a803/aston/aston_repo/nodejs/college/models/note.js","statementMap":{"0":{"start":{"line":4,"column":4},"end":{"line":4,"column":24}},"1":{"start":{"line":5,"column":0},"end":{"line":26,"column":2}},"2":{"start":{"line":14,"column":6},"end":{"line":14,"column":37}},"3":{"start":{"line":15,"column":6},"end":{"line":15,"column":37}},"4":{"start":{"line":18,"column":2},"end":{"line":24,"column":5}},"5":{"start":{"line":25,"column":2},"end":{"line":25,"column":14}}},"fnMap":{"0":{"name":"(anonymous_0)","decl":{"start":{"line":5,"column":17},"end":{"line":5,"column":18}},"loc":{"start":{"line":5,"column":43},"end":{"line":26,"column":1}},"line":5},"1":{"name":"(anonymous_1)","decl":{"start":{"line":12,"column":4},"end":{"line":12,"column":5}},"loc":{"start":{"line":12,"column":29},"end":{"line":16,"column":5}},"line":12}},"branchMap":{},"s":{"0":1,"1":1,"2":1,"3":1,"4":1,"5":1},"f":{"0":1,"1":1},"b":{},"_coverageSchema":"1a1c01bbd47fc00a2c39e90264f33305004495a9","hash":"2e9b554d9f39116e8aeefb571c68a300b2953cc0"}
,"/media/fadeil/5c4e4cc3-8032-41db-85a5-f43671b2a803/aston/aston_repo/nodejs/college/models/student.js": {"path":"/media/fadeil/5c4e4cc3-8032-41db-85a5-f43671b2a803/aston/aston_repo/nodejs/college/models/student.js","statementMap":{"0":{"start":{"line":4,"column":4},"end":{"line":4,"column":24}},"1":{"start":{"line":5,"column":0},"end":{"line":27,"column":2}},"2":{"start":{"line":14,"column":6},"end":{"line":14,"column":38}},"3":{"start":{"line":15,"column":6},"end":{"line":15,"column":35}},"4":{"start":{"line":18,"column":2},"end":{"line":25,"column":5}},"5":{"start":{"line":26,"column":2},"end":{"line":26,"column":17}}},"fnMap":{"0":{"name":"(anonymous_0)","decl":{"start":{"line":5,"column":17},"end":{"line":5,"column":18}},"loc":{"start":{"line":5,"column":43},"end":{"line":27,"column":1}},"line":5},"1":{"name":"(anonymous_1)","decl":{"start":{"line":12,"column":4},"end":{"line":12,"column":5}},"loc":{"start":{"line":12,"column":29},"end":{"line":16,"column":5}},"line":12}},"branchMap":{},"s":{"0":1,"1":1,"2":1,"3":1,"4":1,"5":1},"f":{"0":1,"1":1},"b":{},"_coverageSchema":"1a1c01bbd47fc00a2c39e90264f33305004495a9","hash":"9de52fd3ed804098de6f70eab33e5d35a54a67ff"}
,"/media/fadeil/5c4e4cc3-8032-41db-85a5-f43671b2a803/aston/aston_repo/nodejs/college/models/subject.js": {"path":"/media/fadeil/5c4e4cc3-8032-41db-85a5-f43671b2a803/aston/aston_repo/nodejs/college/models/subject.js","statementMap":{"0":{"start":{"line":4,"column":4},"end":{"line":4,"column":24}},"1":{"start":{"line":5,"column":0},"end":{"line":24,"column":2}},"2":{"start":{"line":14,"column":6},"end":{"line":14,"column":35}},"3":{"start":{"line":17,"column":2},"end":{"line":22,"column":5}},"4":{"start":{"line":23,"column":2},"end":{"line":23,"column":17}}},"fnMap":{"0":{"name":"(anonymous_0)","decl":{"start":{"line":5,"column":17},"end":{"line":5,"column":18}},"loc":{"start":{"line":5,"column":43},"end":{"line":24,"column":1}},"line":5},"1":{"name":"(anonymous_1)","decl":{"start":{"line":12,"column":4},"end":{"line":12,"column":5}},"loc":{"start":{"line":12,"column":29},"end":{"line":15,"column":5}},"line":12}},"branchMap":{},"s":{"0":1,"1":1,"2":1,"3":1,"4":1},"f":{"0":1,"1":1},"b":{},"_coverageSchema":"1a1c01bbd47fc00a2c39e90264f33305004495a9","hash":"195b713a2b59c13f5187dd068aae98b85e042d8a"}
,"/media/fadeil/5c4e4cc3-8032-41db-85a5-f43671b2a803/aston/aston_repo/nodejs/college/routes/level.js": {"path":"/media/fadeil/5c4e4cc3-8032-41db-85a5-f43671b2a803/aston/aston_repo/nodejs/college/routes/level.js","statementMap":{"0":{"start":{"line":1,"column":16},"end":{"line":1,"column":34}},"1":{"start":{"line":2,"column":15},"end":{"line":2,"column":31}},"2":{"start":{"line":3,"column":25},"end":{"line":3,"column":67}},"3":{"start":{"line":5,"column":0},"end":{"line":5,"column":44}},"4":{"start":{"line":6,"column":0},"end":{"line":6,"column":49}},"5":{"start":{"line":7,"column":0},"end":{"line":7,"column":44}},"6":{"start":{"line":8,"column":0},"end":{"line":8,"column":47}},"7":{"start":{"line":9,"column":0},"end":{"line":9,"column":52}},"8":{"start":{"line":11,"column":0},"end":{"line":11,"column":24}}},"fnMap":{},"branchMap":{},"s":{"0":1,"1":1,"2":1,"3":1,"4":1,"5":1,"6":1,"7":1,"8":1},"f":{},"b":{},"_coverageSchema":"1a1c01bbd47fc00a2c39e90264f33305004495a9","hash":"f8a2834f40dbce91fa9cce21d54b34d8d17bd1f5"}
,"/media/fadeil/5c4e4cc3-8032-41db-85a5-f43671b2a803/aston/aston_repo/nodejs/college/routes/note.js": {"path":"/media/fadeil/5c4e4cc3-8032-41db-85a5-f43671b2a803/aston/aston_repo/nodejs/college/routes/note.js","statementMap":{"0":{"start":{"line":1,"column":16},"end":{"line":1,"column":34}},"1":{"start":{"line":2,"column":15},"end":{"line":2,"column":31}},"2":{"start":{"line":3,"column":24},"end":{"line":3,"column":65}},"3":{"start":{"line":5,"column":0},"end":{"line":5,"column":42}},"4":{"start":{"line":6,"column":0},"end":{"line":6,"column":47}},"5":{"start":{"line":7,"column":0},"end":{"line":7,"column":42}},"6":{"start":{"line":8,"column":0},"end":{"line":8,"column":45}},"7":{"start":{"line":9,"column":0},"end":{"line":9,"column":50}},"8":{"start":{"line":11,"column":0},"end":{"line":11,"column":24}}},"fnMap":{},"branchMap":{},"s":{"0":1,"1":1,"2":1,"3":1,"4":1,"5":1,"6":1,"7":1,"8":1},"f":{},"b":{},"_coverageSchema":"1a1c01bbd47fc00a2c39e90264f33305004495a9","hash":"b4ebfb3a457ffa92c6b2bec45520296bce520d7d"}
,"/media/fadeil/5c4e4cc3-8032-41db-85a5-f43671b2a803/aston/aston_repo/nodejs/college/routes/student.js": {"path":"/media/fadeil/5c4e4cc3-8032-41db-85a5-f43671b2a803/aston/aston_repo/nodejs/college/routes/student.js","statementMap":{"0":{"start":{"line":1,"column":16},"end":{"line":1,"column":34}},"1":{"start":{"line":2,"column":15},"end":{"line":2,"column":31}},"2":{"start":{"line":3,"column":27},"end":{"line":3,"column":71}},"3":{"start":{"line":5,"column":0},"end":{"line":5,"column":48}},"4":{"start":{"line":6,"column":0},"end":{"line":6,"column":53}},"5":{"start":{"line":7,"column":0},"end":{"line":7,"column":48}},"6":{"start":{"line":8,"column":0},"end":{"line":8,"column":51}},"7":{"start":{"line":9,"column":0},"end":{"line":9,"column":56}},"8":{"start":{"line":11,"column":0},"end":{"line":11,"column":24}}},"fnMap":{},"branchMap":{},"s":{"0":1,"1":1,"2":1,"3":1,"4":1,"5":1,"6":1,"7":1,"8":1},"f":{},"b":{},"_coverageSchema":"1a1c01bbd47fc00a2c39e90264f33305004495a9","hash":"8bb0c05df92475ff040f12102c6de29c37dcf0bd"}
,"/media/fadeil/5c4e4cc3-8032-41db-85a5-f43671b2a803/aston/aston_repo/nodejs/college/routes/subject.js": {"path":"/media/fadeil/5c4e4cc3-8032-41db-85a5-f43671b2a803/aston/aston_repo/nodejs/college/routes/subject.js","statementMap":{"0":{"start":{"line":1,"column":16},"end":{"line":1,"column":34}},"1":{"start":{"line":2,"column":15},"end":{"line":2,"column":31}},"2":{"start":{"line":3,"column":27},"end":{"line":3,"column":71}},"3":{"start":{"line":5,"column":0},"end":{"line":5,"column":48}},"4":{"start":{"line":6,"column":0},"end":{"line":6,"column":53}},"5":{"start":{"line":7,"column":0},"end":{"line":7,"column":48}},"6":{"start":{"line":8,"column":0},"end":{"line":8,"column":51}},"7":{"start":{"line":9,"column":0},"end":{"line":9,"column":56}},"8":{"start":{"line":11,"column":0},"end":{"line":11,"column":24}}},"fnMap":{},"branchMap":{},"s":{"0":1,"1":1,"2":1,"3":1,"4":1,"5":1,"6":1,"7":1,"8":1},"f":{},"b":{},"_coverageSchema":"1a1c01bbd47fc00a2c39e90264f33305004495a9","hash":"baa4f3e80a536f03811f5b61b43b5f8257d6222d"}
}
